2024-08-25T21:47:55.083018-0300 INFO Chamando função 'pipeline_calcular_kpi_de_vendas_consolidado' com args ('data', ['csv', 'parquet']) e kwargs {} utils_log.py
2024-08-25T21:47:55.083018-0300 INFO Chamando função 'extrair_dados' com args ('data',) e kwargs {} utils_log.py
2024-08-25T21:47:55.090019-0300 INFO Função 'extrair_dados' retornou             Produto    Categoria  Quantidade  Venda        Data
0    Notebook Gamer  Eletrônicos           3   1500  2023-01-15
1     Mouse Sem Fio  Eletrônicos          10     30  2023-01-15
2  Teclado Mecânico  Eletrônicos           5    100  2023-01-15 utils_log.py
2024-08-25T21:47:55.093020-0300 INFO Chamando função 'calcular_kpi_de_total_de_vendas' com args (            Produto    Categoria  Quantidade  Venda        Data
0    Notebook Gamer  Eletrônicos           3   1500  2023-01-15
1     Mouse Sem Fio  Eletrônicos          10     30  2023-01-15
2  Teclado Mecânico  Eletrônicos           5    100  2023-01-15,) e kwargs {} utils_log.py
2024-08-25T21:47:55.100022-0300 INFO Função 'calcular_kpi_de_total_de_vendas' retornou             Produto    Categoria  Quantidade  Venda        Data  Total
0    Notebook Gamer  Eletrônicos           3   1500  2023-01-15   4500
1     Mouse Sem Fio  Eletrônicos          10     30  2023-01-15    300
2  Teclado Mecânico  Eletrônicos           5    100  2023-01-15    500 utils_log.py
2024-08-25T21:47:55.103022-0300 INFO Chamando função 'carregar_dados' com args (            Produto    Categoria  Quantidade  Venda        Data  Total
0    Notebook Gamer  Eletrônicos           3   1500  2023-01-15   4500
1     Mouse Sem Fio  Eletrônicos          10     30  2023-01-15    300
2  Teclado Mecânico  Eletrônicos           5    100  2023-01-15    500, ['csv', 'parquet']) e kwargs {} utils_log.py
2024-08-25T21:47:55.139030-0300 INFO Função 'carregar_dados' retornou None utils_log.py
2024-08-25T21:47:55.139030-0300 INFO Função 'pipeline_calcular_kpi_de_vendas_consolidado' retornou None utils_log.py
